W tensorflow/core/platform/cpu_feature_guard.cc:45] The TensorFlow library wasn't compiled to use SSE3 instructions, but these are available on your machine and could speed up CPU computations.
W tensorflow/core/platform/cpu_feature_guard.cc:45] The TensorFlow library wasn't compiled to use SSE4.1 instructions, but these are available on your machine and could speed up CPU computations.
W tensorflow/core/platform/cpu_feature_guard.cc:45] The TensorFlow library wasn't compiled to use SSE4.2 instructions, but these are available on your machine and could speed up CPU computations.
W tensorflow/core/platform/cpu_feature_guard.cc:45] The TensorFlow library wasn't compiled to use SSE3 instructions, but these are available on your machine and could speed up CPU computations.
W tensorflow/core/platform/cpu_feature_guard.cc:45] The TensorFlow library wasn't compiled to use SSE4.1 instructions, but these are available on your machine and could speed up CPU computations.
W tensorflow/core/platform/cpu_feature_guard.cc:45] The TensorFlow library wasn't compiled to use SSE4.2 instructions, but these are available on your machine and could speed up CPU computations.
Extracting ./mnist_data/train-images-idx3-ubyte.gz
Extracting ./mnist_data/train-labels-idx1-ubyte.gz
Extracting ./mnist_data/t10k-images-idx3-ubyte.gz
Extracting ./mnist_data/t10k-labels-idx1-ubyte.gz
178001th cost : 0.912232
178001th accuracy : 10.729999840259552%
178001th file write success!!
Traceback (most recent call last):
  File "mnist_test_run.py", line 89, in <module>
    sys.stdout.flush()
NameError: name 'sys' is not defined
W tensorflow/core/platform/cpu_feature_guard.cc:45] The TensorFlow library wasn't compiled to use SSE3 instructions, but these are available on your machine and could speed up CPU computations.
W tensorflow/core/platform/cpu_feature_guard.cc:45] The TensorFlow library wasn't compiled to use SSE4.1 instructions, but these are available on your machine and could speed up CPU computations.
W tensorflow/core/platform/cpu_feature_guard.cc:45] The TensorFlow library wasn't compiled to use SSE4.2 instructions, but these are available on your machine and could speed up CPU computations.
W tensorflow/core/platform/cpu_feature_guard.cc:45] The TensorFlow library wasn't compiled to use SSE3 instructions, but these are available on your machine and could speed up CPU computations.
W tensorflow/core/platform/cpu_feature_guard.cc:45] The TensorFlow library wasn't compiled to use SSE4.1 instructions, but these are available on your machine and could speed up CPU computations.
W tensorflow/core/platform/cpu_feature_guard.cc:45] The TensorFlow library wasn't compiled to use SSE4.2 instructions, but these are available on your machine and could speed up CPU computations.
W tensorflow/core/platform/cpu_feature_guard.cc:45] The TensorFlow library wasn't compiled to use SSE3 instructions, but these are available on your machine and could speed up CPU computations.
W tensorflow/core/platform/cpu_feature_guard.cc:45] The TensorFlow library wasn't compiled to use SSE4.1 instructions, but these are available on your machine and could speed up CPU computations.
W tensorflow/core/platform/cpu_feature_guard.cc:45] The TensorFlow library wasn't compiled to use SSE4.2 instructions, but these are available on your machine and could speed up CPU computations.
W tensorflow/core/platform/cpu_feature_guard.cc:45] The TensorFlow library wasn't compiled to use SSE3 instructions, but these are available on your machine and could speed up CPU computations.
W tensorflow/core/platform/cpu_feature_guard.cc:45] The TensorFlow library wasn't compiled to use SSE4.1 instructions, but these are available on your machine and could speed up CPU computations.
W tensorflow/core/platform/cpu_feature_guard.cc:45] The TensorFlow library wasn't compiled to use SSE4.2 instructions, but these are available on your machine and could speed up CPU computations.
W tensorflow/core/platform/cpu_feature_guard.cc:45] The TensorFlow library wasn't compiled to use SSE3 instructions, but these are available on your machine and could speed up CPU computations.
W tensorflow/core/platform/cpu_feature_guard.cc:45] The TensorFlow library wasn't compiled to use SSE4.1 instructions, but these are available on your machine and could speed up CPU computations.
W tensorflow/core/platform/cpu_feature_guard.cc:45] The TensorFlow library wasn't compiled to use SSE4.2 instructions, but these are available on your machine and could speed up CPU computations.
Extracting ./mnist_data/train-images-idx3-ubyte.gz
Extracting ./mnist_data/train-labels-idx1-ubyte.gz
Extracting ./mnist_data/t10k-images-idx3-ubyte.gz
Extracting ./mnist_data/t10k-labels-idx1-ubyte.gz
207001th cost : 0.906274
207001th accuracy : 10.779999941587448%
207001th file write success!!
208001th cost : 0.905802
208001th accuracy : 11.219999939203262%
208001th file write success!!
209001th cost : 0.905558
209001th accuracy : 11.240000277757645%
209001th file write success!!
210001th cost : 0.904777
210001th accuracy : 11.219999939203262%
210001th file write success!!
211001th cost : 0.906621
211001th accuracy : 11.069999635219574%
211001th file write success!!
212001th cost : 0.905527
212001th accuracy : 10.980000346899033%
212001th file write success!!
213001th cost : 0.906445
213001th accuracy : 11.010000109672546%
213001th file write success!!
214001th cost : 0.904575
214001th accuracy : 11.050000041723251%
214001th file write success!!
215001th cost : 0.905513
215001th accuracy : 10.96000000834465%
215001th file write success!!
216001th cost : 0.906407
216001th accuracy : 11.110000312328339%
216001th file write success!!
217001th cost : 0.905907
217001th accuracy : 11.03999987244606%
217001th file write success!!
218001th cost : 0.907538
218001th accuracy : 10.849999636411667%
218001th file write success!!
219001th cost : 0.906872
219001th accuracy : 10.840000212192535%
219001th file write success!!
220001th cost : 0.907553
220001th accuracy : 10.899999737739563%
220001th file write success!!
221001th cost : 0.905795
221001th accuracy : 10.679999738931656%
221001th file write success!!
222001th cost : 0.904433
222001th accuracy : 11.010000109672546%
222001th file write success!!
223001th cost : 0.905543
223001th accuracy : 10.989999771118164%
223001th file write success!!
224001th cost : 0.905153
224001th accuracy : 10.80000028014183%
224001th file write success!!
225001th cost : 0.905782
225001th accuracy : 10.96000000834465%
225001th file write success!!
226001th cost : 0.904208
226001th accuracy : 11.029999703168869%
226001th file write success!!
227001th cost : 0.904885
227001th accuracy : 10.909999907016754%
227001th file write success!!
228001th cost : 0.902829
228001th accuracy : 10.809999704360962%
228001th file write success!!
229001th cost : 0.903153
229001th accuracy : 10.779999941587448%
229001th file write success!!
230001th cost : 0.902802
230001th accuracy : 10.920000076293945%
230001th file write success!!
231001th cost : 0.902335
231001th accuracy : 10.830000042915344%
231001th file write success!!
232001th cost : 0.904576
232001th accuracy : 10.79000011086464%
232001th file write success!!
233001th cost : 0.903335
233001th accuracy : 11.03999987244606%
233001th file write success!!
234001th cost : 0.902876
234001th accuracy : 10.88000014424324%
234001th file write success!!
235001th cost : 0.902805
235001th accuracy : 10.970000177621841%
235001th file write success!!
236001th cost : 0.903075
236001th accuracy : 10.779999941587448%
236001th file write success!!
237001th cost : 0.904435
237001th accuracy : 10.80000028014183%
237001th file write success!!
238001th cost : 0.904774
238001th accuracy : 10.96000000834465%
238001th file write success!!
239001th cost : 0.904604
239001th accuracy : 10.88000014424324%
239001th file write success!!
240001th cost : 0.904431
240001th accuracy : 10.62999963760376%
240001th file write success!!
241001th cost : 0.903735
241001th accuracy : 10.840000212192535%
241001th file write success!!
242001th cost : 0.903781
242001th accuracy : 10.450000315904617%
242001th file write success!!
243001th cost : 0.903727
243001th accuracy : 10.71999967098236%
243001th file write success!!
244001th cost : 0.903196
244001th accuracy : 10.920000076293945%
244001th file write success!!
245001th cost : 0.9042
245001th accuracy : 10.620000213384628%
245001th file write success!!
246001th cost : 0.905596
246001th accuracy : 10.509999841451645%
246001th file write success!!
247001th cost : 0.904414
247001th accuracy : 10.490000247955322%
247001th file write success!!
248001th cost : 0.903886
248001th accuracy : 10.520000010728836%
248001th file write success!!
249001th cost : 0.904314
249001th accuracy : 10.31000018119812%
249001th file write success!!
250001th cost : 0.903271
250001th accuracy : 10.559999942779541%
250001th file write success!!
251001th cost : 0.903473
251001th accuracy : 10.429999977350235%
251001th file write success!!
252001th cost : 0.902783
252001th accuracy : 10.760000348091125%
252001th file write success!!
253001th cost : 0.903104
253001th accuracy : 10.670000314712524%
253001th file write success!!
254001th cost : 0.90367
254001th accuracy : 10.599999874830246%
254001th file write success!!
255001th cost : 0.903237
255001th accuracy : 10.620000213384628%
255001th file write success!!
256001th cost : 0.902903
256001th accuracy : 10.540000349283218%
256001th file write success!!
257001th cost : 0.904003
257001th accuracy : 10.409999638795853%
257001th file write success!!
258001th cost : 0.904181
258001th accuracy : 10.350000113248825%
258001th file write success!!
259001th cost : 0.902852
259001th accuracy : 10.499999672174454%
259001th file write success!!
260001th cost : 0.902553
260001th accuracy : 10.429999977350235%
260001th file write success!!
261001th cost : 0.905035
261001th accuracy : 10.379999876022339%
261001th file write success!!
262001th cost : 0.905163
262001th accuracy : 10.540000349283218%
262001th file write success!!
263001th cost : 0.903398
263001th accuracy : 10.520000010728836%
263001th file write success!!
264001th cost : 0.903843
264001th accuracy : 10.440000146627426%
264001th file write success!!
265001th cost : 0.90373
265001th accuracy : 10.270000249147415%
265001th file write success!!
266001th cost : 0.904021
266001th accuracy : 10.54999977350235%
266001th file write success!!
267001th cost : 0.904191
267001th accuracy : 10.320000350475311%
267001th file write success!!
268001th cost : 0.905194
268001th accuracy : 10.450000315904617%
268001th file write success!!
269001th cost : 0.905479
269001th accuracy : 10.360000282526016%
269001th file write success!!
270001th cost : 0.904192
270001th accuracy : 10.279999673366547%
270001th file write success!!
271001th cost : 0.903384
271001th accuracy : 10.580000281333923%
271001th file write success!!
272001th cost : 0.903747
272001th accuracy : 10.649999976158142%
272001th file write success!!
273001th cost : 0.903221
273001th accuracy : 10.610000044107437%
273001th file write success!!
274001th cost : 0.902586
274001th accuracy : 10.509999841451645%
274001th file write success!!
275001th cost : 0.903684
275001th accuracy : 10.610000044107437%
275001th file write success!!
276001th cost : 0.902837
276001th accuracy : 10.649999976158142%
276001th file write success!!
277001th cost : 0.902302
277001th accuracy : 10.670000314712524%
277001th file write success!!
278001th cost : 0.902763
278001th accuracy : 10.670000314712524%
278001th file write success!!
279001th cost : 0.902257
279001th accuracy : 10.86999997496605%
279001th file write success!!
280001th cost : 0.902875
280001th accuracy : 10.840000212192535%
280001th file write success!!
281001th cost : 0.902753
281001th accuracy : 10.459999740123749%
281001th file write success!!
282001th cost : 0.902044
282001th accuracy : 10.620000213384628%
282001th file write success!!
283001th cost : 0.902997
283001th accuracy : 10.88000014424324%
283001th file write success!!
284001th cost : 0.901481
284001th accuracy : 10.750000178813934%
284001th file write success!!
285001th cost : 0.902028
285001th accuracy : 10.689999908208847%
285001th file write success!!
286001th cost : 0.901673
286001th accuracy : 10.71999967098236%
286001th file write success!!
287001th cost : 0.901396
287001th accuracy : 10.760000348091125%
287001th file write success!!
288001th cost : 0.902007
288001th accuracy : 10.450000315904617%
288001th file write success!!
289001th cost : 0.90052
289001th accuracy : 10.570000112056732%
289001th file write success!!
290001th cost : 0.900389
290001th accuracy : 10.570000112056732%
290001th file write success!!
291001th cost : 0.902322
291001th accuracy : 10.62999963760376%
291001th file write success!!
292001th cost : 0.901282
292001th accuracy : 10.71000024676323%
292001th file write success!!
293001th cost : 0.901811
293001th accuracy : 10.499999672174454%
293001th file write success!!
294001th cost : 0.902091
294001th accuracy : 10.490000247955322%
294001th file write success!!
295001th cost : 0.902153
295001th accuracy : 10.71000024676323%
295001th file write success!!
296001th cost : 0.901944
296001th accuracy : 10.559999942779541%
296001th file write success!!
297001th cost : 0.902686
297001th accuracy : 10.740000009536743%
297001th file write success!!
298001th cost : 0.904361
298001th accuracy : 10.649999976158142%
298001th file write success!!
299001th cost : 0.903661
299001th accuracy : 10.670000314712524%
299001th file write success!!
300001th cost : 0.901993
300001th accuracy : 10.71000024676323%
300001th file write success!!
301001th cost : 0.902547
301001th accuracy : 10.490000247955322%
301001th file write success!!
302001th cost : 0.903053
302001th accuracy : 10.580000281333923%
302001th file write success!!
303001th cost : 0.904322
303001th accuracy : 10.71999967098236%
303001th file write success!!
304001th cost : 0.902152
304001th accuracy : 10.339999943971634%
304001th file write success!!
305001th cost : 0.903537
305001th accuracy : 10.459999740123749%
305001th file write success!!
306001th cost : 0.903965
306001th accuracy : 10.459999740123749%
306001th file write success!!
307001th cost : 0.904187
307001th accuracy : 10.639999806880951%
307001th file write success!!
308001th cost : 0.904384
308001th accuracy : 10.499999672174454%
308001th file write success!!
309001th cost : 0.902446
309001th accuracy : 10.740000009536743%
309001th file write success!!
310001th cost : 0.904148
310001th accuracy : 10.689999908208847%
310001th file write success!!
311001th cost : 0.903848
311001th accuracy : 10.71000024676323%
311001th file write success!!
312001th cost : 0.904156
312001th accuracy : 10.46999990940094%
312001th file write success!!
313001th cost : 0.903391
313001th accuracy : 10.639999806880951%
313001th file write success!!
314001th cost : 0.902537
314001th accuracy : 10.540000349283218%
314001th file write success!!
315001th cost : 0.902965
315001th accuracy : 10.459999740123749%
315001th file write success!!
316001th cost : 0.903072
316001th accuracy : 10.559999942779541%
316001th file write success!!
317001th cost : 0.90313
317001th accuracy : 10.289999842643738%
317001th file write success!!
318001th cost : 0.90315
318001th accuracy : 10.46999990940094%
318001th file write success!!
319001th cost : 0.903199
319001th accuracy : 10.639999806880951%
319001th file write success!!
320001th cost : 0.902329
320001th accuracy : 10.54999977350235%
320001th file write success!!
321001th cost : 0.902123
321001th accuracy : 10.379999876022339%
321001th file write success!!
322001th cost : 0.901772
322001th accuracy : 10.54999977350235%
322001th file write success!!
323001th cost : 0.901943
323001th accuracy : 10.520000010728836%
323001th file write success!!
324001th cost : 0.902185
324001th accuracy : 10.459999740123749%
324001th file write success!!
325001th cost : 0.901504
325001th accuracy : 10.559999942779541%
325001th file write success!!
326001th cost : 0.901393
326001th accuracy : 10.329999774694443%
326001th file write success!!
327001th cost : 0.90263
327001th accuracy : 10.270000249147415%
327001th file write success!!
328001th cost : 0.900818
328001th accuracy : 10.14999970793724%
328001th file write success!!
329001th cost : 0.900876
329001th accuracy : 9.969999641180038%
329001th file write success!!
330001th cost : 0.901399
330001th accuracy : 10.170000046491623%
330001th file write success!!
331001th cost : 0.901236
331001th accuracy : 10.080000013113022%
331001th file write success!!
332001th cost : 0.900999
332001th accuracy : 10.05999967455864%
332001th file write success!!
333001th cost : 0.902229
333001th accuracy : 9.98999997973442%
333001th file write success!!
334001th cost : 0.903487
334001th accuracy : 9.860000014305115%
334001th file write success!!
335001th cost : 0.902997
335001th accuracy : 10.010000318288803%
335001th file write success!!
336001th cost : 0.901674
336001th accuracy : 10.06999984383583%
336001th file write success!!
337001th cost : 0.902248
337001th accuracy : 10.019999742507935%
337001th file write success!!
338001th cost : 0.901821
338001th accuracy : 10.029999911785126%
338001th file write success!!
339001th cost : 0.901795
339001th accuracy : 9.960000216960907%
339001th file write success!!
340001th cost : 0.901618
340001th accuracy : 10.189999639987946%
340001th file write success!!
341001th cost : 0.900786
341001th accuracy : 9.939999878406525%
341001th file write success!!
342001th cost : 0.901056
342001th accuracy : 9.82000008225441%
342001th file write success!!
343001th cost : 0.901605
343001th accuracy : 9.769999980926514%
343001th file write success!!
344001th cost : 0.901447
344001th accuracy : 9.740000218153%
344001th file write success!!
345001th cost : 0.902339
345001th accuracy : 9.719999879598618%
345001th file write success!!
346001th cost : 0.90229
346001th accuracy : 9.860000014305115%
346001th file write success!!
347001th cost : 0.902788
347001th accuracy : 9.759999811649323%
347001th file write success!!
348001th cost : 0.902816
348001th accuracy : 9.830000251531601%
348001th file write success!!
349001th cost : 0.902625
349001th accuracy : 9.700000286102295%
349001th file write success!!
350001th cost : 0.901824
350001th accuracy : 9.700000286102295%
350001th file write success!!
351001th cost : 0.902048
351001th accuracy : 9.889999777078629%
351001th file write success!!
352001th cost : 0.903046
352001th accuracy : 9.610000252723694%
352001th file write success!!
353001th cost : 0.902514
353001th accuracy : 9.830000251531601%
353001th file write success!!
354001th cost : 0.902324
354001th accuracy : 9.929999709129333%
354001th file write success!!
355001th cost : 0.902696
355001th accuracy : 9.719999879598618%
355001th file write success!!
356001th cost : 0.902982
356001th accuracy : 9.570000320672989%
356001th file write success!!
357001th cost : 0.903051
357001th accuracy : 9.799999743700027%
357001th file write success!!
358001th cost : 0.901952
358001th accuracy : 9.749999642372131%
358001th file write success!!
359001th cost : 0.901514
359001th accuracy : 9.870000183582306%
359001th file write success!!
360001th cost : 0.902232
360001th accuracy : 9.700000286102295%
360001th file write success!!
361001th cost : 0.902721
361001th accuracy : 9.969999641180038%
361001th file write success!!
362001th cost : 0.902285
362001th accuracy : 9.91000011563301%
362001th file write success!!
363001th cost : 0.90195
363001th accuracy : 9.97999981045723%
363001th file write success!!
364001th cost : 0.901931
364001th accuracy : 10.090000182390213%
364001th file write success!!
365001th cost : 0.900608
365001th accuracy : 10.339999943971634%
365001th file write success!!
366001th cost : 0.902511
366001th accuracy : 10.379999876022339%
366001th file write success!!
367001th cost : 0.902218
367001th accuracy : 10.040000081062317%
367001th file write success!!
368001th cost : 0.901639
368001th accuracy : 10.019999742507935%
368001th file write success!!
369001th cost : 0.902079
369001th accuracy : 10.019999742507935%
369001th file write success!!
370001th cost : 0.901397
370001th accuracy : 10.170000046491623%
370001th file write success!!
371001th cost : 0.901059
371001th accuracy : 9.929999709129333%
371001th file write success!!
372001th cost : 0.901722
372001th accuracy : 10.119999945163727%
372001th file write success!!
373001th cost : 0.901512
373001th accuracy : 10.39000004529953%
373001th file write success!!
374001th cost : 0.902483
374001th accuracy : 10.170000046491623%
374001th file write success!!
375001th cost : 0.902586
375001th accuracy : 10.100000351667404%
375001th file write success!!
376001th cost : 0.902746
376001th accuracy : 10.14999970793724%
376001th file write success!!
377001th cost : 0.902315
377001th accuracy : 10.249999910593033%
377001th file write success!!
378001th cost : 0.902666
378001th accuracy : 9.89999994635582%
378001th file write success!!
379001th cost : 0.902782
379001th accuracy : 9.709999710321426%
379001th file write success!!
380001th cost : 0.902106
380001th accuracy : 10.05999967455864%
380001th file write success!!
381001th cost : 0.901661
381001th accuracy : 10.170000046491623%
381001th file write success!!
382001th cost : 0.902529
382001th accuracy : 10.14000028371811%
382001th file write success!!
383001th cost : 0.901387
383001th accuracy : 10.440000146627426%
383001th file write success!!
384001th cost : 0.900519
384001th accuracy : 10.459999740123749%
384001th file write success!!
385001th cost : 0.902603
385001th accuracy : 10.570000112056732%
385001th file write success!!
386001th cost : 0.901224
386001th accuracy : 10.480000078678131%
386001th file write success!!
387001th cost : 0.903343
387001th accuracy : 10.499999672174454%
387001th file write success!!
388001th cost : 0.903467
388001th accuracy : 10.369999706745148%
388001th file write success!!
389001th cost : 0.903058
389001th accuracy : 10.350000113248825%
389001th file write success!!
390001th cost : 0.902012
390001th accuracy : 10.679999738931656%
390001th file write success!!
391001th cost : 0.902685
391001th accuracy : 10.599999874830246%
391001th file write success!!
392001th cost : 0.902404
392001th accuracy : 10.440000146627426%
392001th file write success!!
393001th cost : 0.902615
393001th accuracy : 10.300000011920929%
393001th file write success!!
394001th cost : 0.901819
394001th accuracy : 10.480000078678131%
394001th file write success!!
395001th cost : 0.90204
395001th accuracy : 10.39000004529953%
395001th file write success!!
396001th cost : 0.902072
396001th accuracy : 10.220000147819519%
396001th file write success!!
397001th cost : 0.902222
397001th accuracy : 10.289999842643738%
397001th file write success!!
398001th cost : 0.901988
398001th accuracy : 9.969999641180038%
398001th file write success!!
399001th cost : 0.90221
399001th accuracy : 10.189999639987946%
399001th file write success!!
400001th cost : 0.902004
400001th accuracy : 10.249999910593033%
400001th file write success!!
401001th cost : 0.900979
401001th accuracy : 10.289999842643738%
401001th file write success!!
402001th cost : 0.901812
402001th accuracy : 10.379999876022339%
402001th file write success!!
403001th cost : 0.901572
403001th accuracy : 10.520000010728836%
403001th file write success!!
404001th cost : 0.902294
404001th accuracy : 10.260000079870224%
404001th file write success!!
405001th cost : 0.900655
405001th accuracy : 10.409999638795853%
405001th file write success!!
406001th cost : 0.902075
406001th accuracy : 10.509999841451645%
406001th file write success!!
407001th cost : 0.900925
407001th accuracy : 10.170000046491623%
407001th file write success!!
408001th cost : 0.90191
408001th accuracy : 10.189999639987946%
408001th file write success!!
409001th cost : 0.901682
409001th accuracy : 10.419999808073044%
409001th file write success!!
410001th cost : 0.902025
410001th accuracy : 10.199999809265137%
410001th file write success!!
411001th cost : 0.9017
411001th accuracy : 10.419999808073044%
411001th file write success!!
412001th cost : 0.901679
412001th accuracy : 10.670000314712524%
412001th file write success!!
413001th cost : 0.901985
413001th accuracy : 10.610000044107437%
413001th file write success!!
414001th cost : 0.901099
414001th accuracy : 10.530000180006027%
414001th file write success!!
415001th cost : 0.901627
415001th accuracy : 10.62999963760376%
415001th file write success!!
416001th cost : 0.901288
416001th accuracy : 10.450000315904617%
416001th file write success!!
417001th cost : 0.901587
417001th accuracy : 10.62999963760376%
417001th file write success!!
418001th cost : 0.900834
418001th accuracy : 10.589999705553055%
418001th file write success!!
419001th cost : 0.900934
419001th accuracy : 10.700000077486038%
419001th file write success!!
420001th cost : 0.900797
420001th accuracy : 10.96000000834465%
420001th file write success!!
421001th cost : 0.900409
421001th accuracy : 10.570000112056732%
421001th file write success!!
422001th cost : 0.901397
422001th accuracy : 10.760000348091125%
422001th file write success!!
423001th cost : 0.900347
423001th accuracy : 10.480000078678131%
423001th file write success!!
424001th cost : 0.900438
424001th accuracy : 10.31000018119812%
424001th file write success!!
425001th cost : 0.900117
425001th accuracy : 10.580000281333923%
425001th file write success!!
426001th cost : 0.899631
426001th accuracy : 10.540000349283218%
426001th file write success!!
427001th cost : 0.900137
427001th accuracy : 10.320000350475311%
427001th file write success!!
428001th cost : 0.900639
428001th accuracy : 10.31000018119812%
428001th file write success!!
429001th cost : 0.901132
429001th accuracy : 10.360000282526016%
429001th file write success!!
430001th cost : 0.900775
430001th accuracy : 10.409999638795853%
430001th file write success!!
431001th cost : 0.899591
431001th accuracy : 10.520000010728836%
431001th file write success!!
432001th cost : 0.899688
432001th accuracy : 10.54999977350235%
432001th file write success!!
433001th cost : 0.899706
433001th accuracy : 10.54999977350235%
433001th file write success!!
434001th cost : 0.899874
434001th accuracy : 10.599999874830246%
434001th file write success!!
435001th cost : 0.899772
435001th accuracy : 10.649999976158142%
435001th file write success!!
436001th cost : 0.898923
436001th accuracy : 10.599999874830246%
436001th file write success!!
437001th cost : 0.899717
437001th accuracy : 10.580000281333923%
437001th file write success!!
438001th cost : 0.898755
438001th accuracy : 10.54999977350235%
438001th file write success!!
439001th cost : 0.899515
439001th accuracy : 10.459999740123749%
439001th file write success!!
440001th cost : 0.900364
440001th accuracy : 10.620000213384628%
440001th file write success!!
441001th cost : 0.900185
441001th accuracy : 10.740000009536743%
441001th file write success!!
442001th cost : 0.901167
442001th accuracy : 10.71000024676323%
442001th file write success!!
443001th cost : 0.900199
443001th accuracy : 10.840000212192535%
443001th file write success!!
444001th cost : 0.899439
444001th accuracy : 10.930000245571136%
444001th file write success!!
445001th cost : 0.900645
445001th accuracy : 10.899999737739563%
445001th file write success!!
446001th cost : 0.900414
446001th accuracy : 10.599999874830246%
446001th file write success!!
447001th cost : 0.901261
447001th accuracy : 10.849999636411667%
447001th file write success!!
448001th cost : 0.899299
448001th accuracy : 10.779999941587448%
448001th file write success!!
449001th cost : 0.90034
449001th accuracy : 10.769999772310257%
449001th file write success!!
450001th cost : 0.899921
450001th accuracy : 11.069999635219574%
450001th file write success!!
451001th cost : 0.899322
451001th accuracy : 11.069999635219574%
451001th file write success!!
452001th cost : 0.89922
452001th accuracy : 11.060000211000443%
452001th file write success!!
453001th cost : 0.899514
453001th accuracy : 10.909999907016754%
453001th file write success!!
454001th cost : 0.89948
454001th accuracy : 10.980000346899033%
454001th file write success!!
455001th cost : 0.899643
455001th accuracy : 10.999999940395355%
455001th file write success!!
456001th cost : 0.899778
456001th accuracy : 10.86999997496605%
456001th file write success!!
457001th cost : 0.899197
457001th accuracy : 10.86999997496605%
457001th file write success!!
458001th cost : 0.899286
458001th accuracy : 10.989999771118164%
458001th file write success!!
459001th cost : 0.899434
459001th accuracy : 10.779999941587448%
459001th file write success!!
460001th cost : 0.899467
460001th accuracy : 10.989999771118164%
460001th file write success!!
461001th cost : 0.899278
461001th accuracy : 11.060000211000443%
461001th file write success!!
462001th cost : 0.89895
462001th accuracy : 11.190000176429749%
462001th file write success!!
463001th cost : 0.899705
463001th accuracy : 10.939999669790268%
463001th file write success!!
464001th cost : 0.898514
464001th accuracy : 11.050000041723251%
464001th file write success!!
465001th cost : 0.898692
465001th accuracy : 10.980000346899033%
465001th file write success!!
466001th cost : 0.899672
466001th accuracy : 10.88000014424324%
466001th file write success!!
467001th cost : 0.898738
467001th accuracy : 10.859999805688858%
467001th file write success!!
468001th cost : 0.899203
468001th accuracy : 10.859999805688858%
468001th file write success!!
469001th cost : 0.899737
469001th accuracy : 10.88000014424324%
469001th file write success!!
470001th cost : 0.899625
470001th accuracy : 10.830000042915344%
470001th file write success!!
471001th cost : 0.899471
471001th accuracy : 10.86999997496605%
471001th file write success!!
472001th cost : 0.900029
472001th accuracy : 10.920000076293945%
472001th file write success!!
473001th cost : 0.899492
473001th accuracy : 11.219999939203262%
473001th file write success!!
474001th cost : 0.900631
474001th accuracy : 11.069999635219574%
474001th file write success!!
475001th cost : 0.900935
475001th accuracy : 11.050000041723251%
475001th file write success!!
476001th cost : 0.899535
476001th accuracy : 10.760000348091125%
476001th file write success!!
477001th cost : 0.900901
477001th accuracy : 10.660000145435333%
477001th file write success!!
478001th cost : 0.901032
478001th accuracy : 10.509999841451645%
478001th file write success!!
479001th cost : 0.900881
479001th accuracy : 10.80000028014183%
479001th file write success!!
480001th cost : 0.899877
480001th accuracy : 10.899999737739563%
480001th file write success!!
481001th cost : 0.89961
481001th accuracy : 11.069999635219574%
481001th file write success!!
482001th cost : 0.901175
482001th accuracy : 10.899999737739563%
482001th file write success!!
483001th cost : 0.900213
483001th accuracy : 11.140000075101852%
483001th file write success!!
484001th cost : 0.900632
484001th accuracy : 10.899999737739563%
484001th file write success!!
485001th cost : 0.89968
485001th accuracy : 11.140000075101852%
485001th file write success!!
486001th cost : 0.899983
486001th accuracy : 11.20000034570694%
486001th file write success!!
487001th cost : 0.89907
487001th accuracy : 11.190000176429749%
487001th file write success!!
488001th cost : 0.899744
488001th accuracy : 11.240000277757645%
488001th file write success!!
489001th cost : 0.899671
489001th accuracy : 11.03999987244606%
489001th file write success!!
490001th cost : 0.900269
490001th accuracy : 10.980000346899033%
490001th file write success!!
491001th cost : 0.900009
491001th accuracy : 10.899999737739563%
491001th file write success!!
492001th cost : 0.899862
492001th accuracy : 10.819999873638153%
492001th file write success!!
493001th cost : 0.900685
493001th accuracy : 11.169999837875366%
493001th file write success!!
494001th cost : 0.900823
494001th accuracy : 10.970000177621841%
494001th file write success!!
495001th cost : 0.901086
495001th accuracy : 10.840000212192535%
495001th file write success!!
496001th cost : 0.900534
496001th accuracy : 10.920000076293945%
496001th file write success!!
497001th cost : 0.900665
497001th accuracy : 10.779999941587448%
497001th file write success!!
498001th cost : 0.899482
498001th accuracy : 10.71000024676323%
498001th file write success!!
499001th cost : 0.899577
499001th accuracy : 10.939999669790268%
499001th file write success!!
500001th cost : 0.899773
500001th accuracy : 10.769999772310257%
500001th file write success!!
501001th cost : 0.900212
501001th accuracy : 10.809999704360962%
501001th file write success!!
502001th cost : 0.900266
502001th accuracy : 10.96000000834465%
502001th file write success!!
503001th cost : 0.899867
503001th accuracy : 10.980000346899033%
503001th file write success!!
504001th cost : 0.899224
504001th accuracy : 11.240000277757645%
504001th file write success!!
505001th cost : 0.900166
505001th accuracy : 11.060000211000443%
505001th file write success!!
506001th cost : 0.899366
506001th accuracy : 11.060000211000443%
506001th file write success!!
507001th cost : 0.900365
507001th accuracy : 11.270000040531158%
507001th file write success!!
508001th cost : 0.900574
508001th accuracy : 10.939999669790268%
508001th file write success!!
509001th cost : 0.899743
509001th accuracy : 11.28000020980835%
509001th file write success!!
510001th cost : 0.899442
510001th accuracy : 10.999999940395355%
510001th file write success!!
511001th cost : 0.899523
511001th accuracy : 11.270000040531158%
511001th file write success!!
512001th cost : 0.898252
512001th accuracy : 11.129999905824661%
512001th file write success!!
513001th cost : 0.898535
513001th accuracy : 11.129999905824661%
513001th file write success!!
514001th cost : 0.89891
514001th accuracy : 10.88000014424324%
514001th file write success!!
515001th cost : 0.899076
515001th accuracy : 11.240000277757645%
515001th file write success!!
516001th cost : 0.89867
516001th accuracy : 11.150000244379044%
516001th file write success!!
517001th cost : 0.898874
517001th accuracy : 10.989999771118164%
517001th file write success!!
518001th cost : 0.899967
518001th accuracy : 11.020000278949738%
518001th file write success!!
519001th cost : 0.899477
519001th accuracy : 11.28000020980835%
519001th file write success!!
520001th cost : 0.899779
520001th accuracy : 11.339999735355377%
520001th file write success!!
521001th cost : 0.899047
521001th accuracy : 11.540000140666962%
521001th file write success!!
522001th cost : 0.898833
522001th accuracy : 11.400000005960464%
522001th file write success!!
523001th cost : 0.900185
523001th accuracy : 11.11999973654747%
523001th file write success!!
524001th cost : 0.899293
524001th accuracy : 11.069999635219574%
524001th file write success!!
525001th cost : 0.898853
525001th accuracy : 11.150000244379044%
525001th file write success!!
526001th cost : 0.899805
526001th accuracy : 11.029999703168869%
526001th file write success!!
527001th cost : 0.898378
527001th accuracy : 11.410000175237656%
527001th file write success!!
528001th cost : 0.898696
528001th accuracy : 11.180000007152557%
528001th file write success!!
529001th cost : 0.899311
529001th accuracy : 11.20000034570694%
529001th file write success!!
530001th cost : 0.900511
530001th accuracy : 11.270000040531158%
530001th file write success!!
531001th cost : 0.89942
531001th accuracy : 11.299999803304672%
531001th file write success!!
532001th cost : 0.899668
532001th accuracy : 11.400000005960464%
532001th file write success!!
533001th cost : 0.899636
533001th accuracy : 11.379999667406082%
533001th file write success!!
534001th cost : 0.900312
534001th accuracy : 11.789999902248383%
534001th file write success!!
535001th cost : 0.900342
535001th accuracy : 11.60999983549118%
535001th file write success!!
536001th cost : 0.899917
536001th accuracy : 11.569999903440475%
536001th file write success!!
537001th cost : 0.899933
537001th accuracy : 11.500000208616257%
537001th file write success!!
538001th cost : 0.899639
538001th accuracy : 11.890000104904175%
538001th file write success!!
539001th cost : 0.900244
539001th accuracy : 11.900000274181366%
539001th file write success!!
540001th cost : 0.89994
540001th accuracy : 11.999999731779099%
540001th file write success!!
541001th cost : 0.899571
541001th accuracy : 11.900000274181366%
541001th file write success!!
542001th cost : 0.900254
542001th accuracy : 12.16999962925911%
542001th file write success!!
543001th cost : 0.899773
543001th accuracy : 12.470000237226486%
543001th file write success!!
544001th cost : 0.900108
544001th accuracy : 12.039999663829803%
544001th file write success!!
545001th cost : 0.8994
545001th accuracy : 12.430000305175781%
545001th file write success!!
546001th cost : 0.900202
546001th accuracy : 12.530000507831573%
546001th file write success!!
547001th cost : 0.900151
547001th accuracy : 12.749999761581421%
547001th file write success!!
548001th cost : 0.901197
548001th accuracy : 12.269999831914902%
548001th file write success!!
549001th cost : 0.899543
549001th accuracy : 12.150000035762787%
549001th file write success!!
550001th cost : 0.8993
550001th accuracy : 12.479999661445618%
550001th file write success!!
551001th cost : 0.900838
551001th accuracy : 12.319999933242798%
551001th file write success!!
552001th cost : 0.900449
552001th accuracy : 12.060000002384186%
552001th file write success!!
553001th cost : 0.899976
553001th accuracy : 12.25999966263771%
553001th file write success!!
554001th cost : 0.900195
554001th accuracy : 12.520000338554382%
554001th file write success!!
555001th cost : 0.900003
555001th accuracy : 12.430000305175781%
555001th file write success!!
556001th cost : 0.900025
556001th accuracy : 12.399999797344208%
556001th file write success!!
557001th cost : 0.900986
557001th accuracy : 12.280000001192093%
557001th file write success!!
558001th cost : 0.902026
558001th accuracy : 12.5%
558001th file write success!!
559001th cost : 0.899812
559001th accuracy : 12.770000100135803%
559001th file write success!!
560001th cost : 0.899469
560001th accuracy : 12.700000405311584%
560001th file write success!!
561001th cost : 0.900932
561001th accuracy : 12.669999897480011%
561001th file write success!!
562001th cost : 0.900265
562001th accuracy : 12.780000269412994%
562001th file write success!!
563001th cost : 0.900549
563001th accuracy : 12.34000027179718%
563001th file write success!!
564001th cost : 0.901714
564001th accuracy : 12.1799997985363%
564001th file write success!!
565001th cost : 0.900745
565001th accuracy : 12.129999697208405%
565001th file write success!!
566001th cost : 0.900796
566001th accuracy : 12.240000069141388%
566001th file write success!!
567001th cost : 0.901427
567001th accuracy : 12.389999628067017%
567001th file write success!!
568001th cost : 0.901778
568001th accuracy : 12.630000710487366%
568001th file write success!!
569001th cost : 0.900204
569001th accuracy : 12.479999661445618%
569001th file write success!!
570001th cost : 0.900748
570001th accuracy : 12.389999628067017%
570001th file write success!!
571001th cost : 0.900344
571001th accuracy : 12.290000170469284%
571001th file write success!!
572001th cost : 0.900674
572001th accuracy : 12.16999962925911%
572001th file write success!!
573001th cost : 0.900258
573001th accuracy : 12.669999897480011%
573001th file write success!!
574001th cost : 0.900753
574001th accuracy : 12.25999966263771%
574001th file write success!!
575001th cost : 0.900617
575001th accuracy : 12.330000102519989%
575001th file write success!!
576001th cost : 0.90148
576001th accuracy : 12.16999962925911%
576001th file write success!!
577001th cost : 0.899811
577001th accuracy : 12.359999865293503%
577001th file write success!!
578001th cost : 0.900056
578001th accuracy : 11.959999799728394%
578001th file write success!!
579001th cost : 0.900731
579001th accuracy : 12.00999990105629%
579001th file write success!!
580001th cost : 0.899699
580001th accuracy : 12.25999966263771%
580001th file write success!!
581001th cost : 0.899589
581001th accuracy : 11.85000017285347%
581001th file write success!!
582001th cost : 0.900168
582001th accuracy : 12.16999962925911%
582001th file write success!!
583001th cost : 0.899742
583001th accuracy : 12.060000002384186%
583001th file write success!!
584001th cost : 0.899687
584001th accuracy : 12.110000103712082%
584001th file write success!!
585001th cost : 0.899856
585001th accuracy : 12.02000007033348%
585001th file write success!!
586001th cost : 0.899402
586001th accuracy : 12.0899997651577%
586001th file write success!!
587001th cost : 0.899319
587001th accuracy : 12.200000137090683%
587001th file write success!!
588001th cost : 0.899578
588001th accuracy : 11.779999732971191%
588001th file write success!!
589001th cost : 0.900247
589001th accuracy : 12.210000306367874%
589001th file write success!!
590001th cost : 0.899268
590001th accuracy : 11.900000274181366%
590001th file write success!!
591001th cost : 0.900215
591001th accuracy : 11.909999698400497%
591001th file write success!!
592001th cost : 0.900652
592001th accuracy : 11.990000307559967%
592001th file write success!!
593001th cost : 0.900903
593001th accuracy : 12.120000272989273%
593001th file write success!!
594001th cost : 0.900146
594001th accuracy : 12.139999866485596%
594001th file write success!!
595001th cost : 0.900038
595001th accuracy : 12.039999663829803%
595001th file write success!!
596001th cost : 0.900315
596001th accuracy : 12.030000239610672%
596001th file write success!!
597001th cost : 0.900299
597001th accuracy : 12.359999865293503%
597001th file write success!!
598001th cost : 0.900839
598001th accuracy : 12.269999831914902%
598001th file write success!!
599001th cost : 0.899616
599001th accuracy : 12.57999986410141%
599001th file write success!!
600001th cost : 0.900393
600001th accuracy : 12.399999797344208%
600001th file write success!!
601001th cost : 0.900479
601001th accuracy : 12.370000034570694%
601001th file write success!!
602001th cost : 0.900251
602001th accuracy : 12.389999628067017%
602001th file write success!!
603001th cost : 0.899625
603001th accuracy : 12.330000102519989%
603001th file write success!!
604001th cost : 0.900759
604001th accuracy : 12.549999356269836%
604001th file write success!!
605001th cost : 0.900979
605001th accuracy : 12.549999356269836%
605001th file write success!!
606001th cost : 0.899741
606001th accuracy : 12.870000302791595%
606001th file write success!!
607001th cost : 0.900651
607001th accuracy : 12.98999935388565%
607001th file write success!!
608001th cost : 0.900066
608001th accuracy : 12.890000641345978%
608001th file write success!!
609001th cost : 0.901172
609001th accuracy : 12.89999932050705%
609001th file write success!!
610001th cost : 0.901157
610001th accuracy : 12.729999423027039%
610001th file write success!!
611001th cost : 0.902091
611001th accuracy : 12.860000133514404%
611001th file write success!!
612001th cost : 0.902087
612001th accuracy : 12.880000472068787%
612001th file write success!!
613001th cost : 0.901767
613001th accuracy : 13.199999928474426%
613001th file write success!!
614001th cost : 0.900606
614001th accuracy : 12.880000472068787%
614001th file write success!!
615001th cost : 0.901995
615001th accuracy : 12.970000505447388%
615001th file write success!!
616001th cost : 0.90185
616001th accuracy : 13.169999420642853%
616001th file write success!!
617001th cost : 0.90219
617001th accuracy : 13.099999725818634%
617001th file write success!!
618001th cost : 0.902451
618001th accuracy : 13.240000605583191%
618001th file write success!!
619001th cost : 0.902693
619001th accuracy : 12.960000336170197%
619001th file write success!!
620001th cost : 0.901378
620001th accuracy : 13.089999556541443%
620001th file write success!!
621001th cost : 0.902122
621001th accuracy : 12.780000269412994%
621001th file write success!!
622001th cost : 0.903046
622001th accuracy : 12.600000202655792%
622001th file write success!!
623001th cost : 0.90127
623001th accuracy : 12.849999964237213%
623001th file write success!!
624001th cost : 0.90002
624001th accuracy : 12.600000202655792%
624001th file write success!!
625001th cost : 0.901101
625001th accuracy : 12.73999959230423%
625001th file write success!!
626001th cost : 0.901565
626001th accuracy : 13.009999692440033%
626001th file write success!!
627001th cost : 0.902379
627001th accuracy : 12.330000102519989%
627001th file write success!!
628001th cost : 0.900709
628001th accuracy : 12.559999525547028%
628001th file write success!!
629001th cost : 0.900627
629001th accuracy : 12.57999986410141%
629001th file write success!!
630001th cost : 0.900632
630001th accuracy : 12.839999794960022%
630001th file write success!!
631001th cost : 0.90047
631001th accuracy : 12.569999694824219%
631001th file write success!!
632001th cost : 0.900735
632001th accuracy : 12.639999389648438%
632001th file write success!!
633001th cost : 0.900841
633001th accuracy : 12.780000269412994%
633001th file write success!!
634001th cost : 0.900519
634001th accuracy : 12.790000438690186%
634001th file write success!!
635001th cost : 0.901467
635001th accuracy : 12.90999948978424%
635001th file write success!!
636001th cost : 0.90003
636001th accuracy : 12.690000236034393%
636001th file write success!!
637001th cost : 0.900784
637001th accuracy : 13.009999692440033%
637001th file write success!!
638001th cost : 0.900871
638001th accuracy : 